<?xml version="1.0" encoding="UTF-8"?>
<coverage generated="1708331320393" clover="3.2.0">
  <project timestamp="1708331320394" name="All files">
    <metrics statements="27" coveredstatements="25" conditionals="6" coveredconditionals="4" methods="10" coveredmethods="9" elements="43" coveredelements="38" complexity="0" loc="27" ncloc="27" packages="1" files="1" classes="1"/>
    <file name="Body.js" path="D:\Namaste-React-Part-2\13-Time-For-The-Test\src\components\Body.js">
      <metrics statements="27" coveredstatements="25" conditionals="6" coveredconditionals="4" methods="10" coveredmethods="9"/>
      <line num="8" count="1" type="stmt"/>
      <line num="9" count="7" type="stmt"/>
      <line num="10" count="7" type="stmt"/>
      <line num="11" count="7" type="stmt"/>
      <line num="13" count="7" type="stmt"/>
      <line num="17" count="7" type="stmt"/>
      <line num="19" count="7" type="stmt"/>
      <line num="20" count="2" type="stmt"/>
      <line num="23" count="7" type="stmt"/>
      <line num="24" count="2" type="stmt"/>
      <line num="27" count="2" type="stmt"/>
      <line num="32" count="2" type="stmt"/>
      <line num="35" count="2" type="stmt"/>
      <line num="40" count="7" type="stmt"/>
      <line num="42" count="7" type="cond" truecount="1" falsecount="1"/>
      <line num="43" count="0" type="stmt"/>
      <line num="45" count="7" type="cond" truecount="2" falsecount="0"/>
      <line num="58" count="1" type="stmt"/>
      <line num="64" count="1" type="stmt"/>
      <line num="65" count="1" type="stmt"/>
      <line num="66" count="20" type="stmt"/>
      <line num="68" count="1" type="stmt"/>
      <line num="78" count="1" type="stmt"/>
      <line num="79" count="20" type="stmt"/>
      <line num="81" count="1" type="stmt"/>
      <line num="92" count="0" type="stmt"/>
      <line num="98" count="77" type="stmt"/>
    </file>
  </project>
</coverage>
