{"D:\\Namaste-React-Part-2\\13-Time-For-The-Test\\src\\components\\Sub.js": {"path":"D:\\Namaste-React-Part-2\\13-Time-For-The-Test\\src\\components\\Sub.js","statementMap":{"0":{"start":{"line":1,"column":19},"end":{"line":3,"column":1}},"1":{"start":{"line":2,"column":2},"end":{"line":2,"column":15}}},"fnMap":{"0":{"name":"(anonymous_0)","decl":{"start":{"line":1,"column":19},"end":{"line":1,"column":20}},"loc":{"start":{"line":1,"column":29},"end":{"line":3,"column":1}},"line":1}},"branchMap":{},"s":{"0":1,"1":1},"f":{"0":1},"b":{},"_coverageSchema":"1a1c01bbd47fc00a2c39e90264f33305004495a9","hash":"859eb4a2e4d00f9c75dd1b74180596e2e7d5b436"}
,"D:\\Namaste-React-Part-2\\13-Time-For-The-Test\\src\\components\\Sum.js": {"path":"D:\\Namaste-React-Part-2\\13-Time-For-The-Test\\src\\components\\Sum.js","statementMap":{"0":{"start":{"line":1,"column":19},"end":{"line":3,"column":1}},"1":{"start":{"line":2,"column":2},"end":{"line":2,"column":15}}},"fnMap":{"0":{"name":"(anonymous_0)","decl":{"start":{"line":1,"column":19},"end":{"line":1,"column":20}},"loc":{"start":{"line":1,"column":29},"end":{"line":3,"column":1}},"line":1}},"branchMap":{},"s":{"0":1,"1":1},"f":{"0":1},"b":{},"_coverageSchema":"1a1c01bbd47fc00a2c39e90264f33305004495a9","hash":"ce1ae1bf1469deb92d8201363fa2dad2e32882c2"}
,"D:\\Namaste-React-Part-2\\13-Time-For-The-Test\\src\\components\\multiply.js": {"path":"D:\\Namaste-React-Part-2\\13-Time-For-The-Test\\src\\components\\multiply.js","statementMap":{"0":{"start":{"line":1,"column":22},"end":{"line":3,"column":1}},"1":{"start":{"line":2,"column":2},"end":{"line":2,"column":12}}},"fnMap":{"0":{"name":"(anonymous_0)","decl":{"start":{"line":1,"column":22},"end":{"line":1,"column":23}},"loc":{"start":{"line":1,"column":29},"end":{"line":3,"column":1}},"line":1}},"branchMap":{},"s":{"0":1,"1":1},"f":{"0":1},"b":{},"_coverageSchema":"1a1c01bbd47fc00a2c39e90264f33305004495a9","hash":"dd16336fac97153715e4d56ff9f4dcfb0f751289"}
}
