TN:
SF:src\components\Body.js
FN:8,(anonymous_0)
FN:19,(anonymous_1)
FN:23,(anonymous_2)
FN:57,(anonymous_3)
FN:63,(anonymous_4)
FN:65,(anonymous_5)
FN:77,(anonymous_6)
FN:79,(anonymous_7)
FN:92,(anonymous_8)
FN:97,(anonymous_9)
FNF:10
FNH:9
FNDA:7,(anonymous_0)
FNDA:2,(anonymous_1)
FNDA:2,(anonymous_2)
FNDA:1,(anonymous_3)
FNDA:1,(anonymous_4)
FNDA:20,(anonymous_5)
FNDA:1,(anonymous_6)
FNDA:20,(anonymous_7)
FNDA:0,(anonymous_8)
FNDA:77,(anonymous_9)
DA:8,1
DA:9,7
DA:10,7
DA:11,7
DA:13,7
DA:17,7
DA:19,7
DA:20,2
DA:23,7
DA:24,2
DA:27,2
DA:32,2
DA:35,2
DA:40,7
DA:42,7
DA:43,0
DA:45,7
DA:58,1
DA:64,1
DA:65,1
DA:66,20
DA:68,1
DA:78,1
DA:79,20
DA:81,1
DA:92,0
DA:98,77
LF:27
LH:25
BRDA:42,0,0,0
BRDA:42,0,1,7
BRDA:45,1,0,2
BRDA:45,1,1,5
BRDA:104,2,0,77
BRDA:104,2,1,0
BRF:6
BRH:4
end_of_record
